Started GET "/" for ::1 at 2019-07-18 22:59:07 -0300
Processing by Rails::WelcomeController#index as HTML
  Rendering /home/danilokaltner/.rvm/gems/ruby-head/gems/railties-5.2.3/lib/rails/templates/rails/welcome/index.html.erb
  Rendered /home/danilokaltner/.rvm/gems/ruby-head/gems/railties-5.2.3/lib/rails/templates/rails/welcome/index.html.erb (13.5ms)
Completed 200 OK in 63ms (Views: 33.6ms | ActiveRecord: 0.0ms)


  [1m[35m (0.2ms)[0m  [1m[34mSELECT sqlite_version(*)[0m
  ↳ /usr/share/rvm/rubies/ruby-head/lib/ruby/gems/2.7.0/gems/rake-12.3.2/lib/rake/task.rb:273
  [1m[35m (88.6ms)[0m  [1m[35mCREATE TABLE "schema_migrations" ("version" varchar NOT NULL PRIMARY KEY)[0m
  ↳ /usr/share/rvm/rubies/ruby-head/lib/ruby/gems/2.7.0/gems/rake-12.3.2/lib/rake/task.rb:273
  [1m[35m (90.2ms)[0m  [1m[35mCREATE TABLE "ar_internal_metadata" ("key" varchar NOT NULL PRIMARY KEY, "value" varchar, "created_at" datetime NOT NULL, "updated_at" datetime NOT NULL)[0m
  ↳ /usr/share/rvm/rubies/ruby-head/lib/ruby/gems/2.7.0/gems/rake-12.3.2/lib/rake/task.rb:273
  [1m[35m (0.3ms)[0m  [1m[34mSELECT "schema_migrations"."version" FROM "schema_migrations" ORDER BY "schema_migrations"."version" ASC[0m
  ↳ /usr/share/rvm/rubies/ruby-head/lib/ruby/gems/2.7.0/gems/rake-12.3.2/lib/rake/task.rb:273
Migrating to CreateUsers (20190719020355)
  [1m[35m (0.1ms)[0m  [1m[36mbegin transaction[0m
  ↳ /usr/share/rvm/rubies/ruby-head/lib/ruby/gems/2.7.0/gems/rake-12.3.2/lib/rake/task.rb:273
  [1m[35m (0.4ms)[0m  [1m[35mCREATE TABLE "users" ("id" integer PRIMARY KEY AUTOINCREMENT NOT NULL, "name" varchar, "email" varchar, "password" varchar, "created_at" datetime NOT NULL, "updated_at" datetime NOT NULL, "deleted_at" datetime, "null" datetime)[0m
  ↳ db/migrate/20190719020355_create_users.rb:3
  [1m[36mActiveRecord::SchemaMigration Create (0.1ms)[0m  [1m[32mINSERT INTO "schema_migrations" ("version") VALUES (?)[0m  [["version", "20190719020355"]]
  ↳ /usr/share/rvm/rubies/ruby-head/lib/ruby/gems/2.7.0/gems/rake-12.3.2/lib/rake/task.rb:273
  [1m[35m (88.5ms)[0m  [1m[36mcommit transaction[0m
  ↳ /usr/share/rvm/rubies/ruby-head/lib/ruby/gems/2.7.0/gems/rake-12.3.2/lib/rake/task.rb:273
  [1m[36mActiveRecord::InternalMetadata Load (0.5ms)[0m  [1m[34mSELECT  "ar_internal_metadata".* FROM "ar_internal_metadata" WHERE "ar_internal_metadata"."key" = ? LIMIT ?[0m  [["key", "environment"], ["LIMIT", 1]]
  ↳ /usr/share/rvm/rubies/ruby-head/lib/ruby/gems/2.7.0/gems/rake-12.3.2/lib/rake/task.rb:273
  [1m[35m (0.1ms)[0m  [1m[36mbegin transaction[0m
  ↳ /usr/share/rvm/rubies/ruby-head/lib/ruby/gems/2.7.0/gems/rake-12.3.2/lib/rake/task.rb:273
  [1m[36mActiveRecord::InternalMetadata Create (0.5ms)[0m  [1m[32mINSERT INTO "ar_internal_metadata" ("key", "value", "created_at", "updated_at") VALUES (?, ?, ?, ?)[0m  [["key", "environment"], ["value", "development"], ["created_at", "2019-07-19 02:13:50.401284"], ["updated_at", "2019-07-19 02:13:50.401284"]]
  ↳ /usr/share/rvm/rubies/ruby-head/lib/ruby/gems/2.7.0/gems/rake-12.3.2/lib/rake/task.rb:273
  [1m[35m (62.4ms)[0m  [1m[36mcommit transaction[0m
  ↳ /usr/share/rvm/rubies/ruby-head/lib/ruby/gems/2.7.0/gems/rake-12.3.2/lib/rake/task.rb:273
  [1m[35m (0.4ms)[0m  [1m[34mSELECT "schema_migrations"."version" FROM "schema_migrations" ORDER BY "schema_migrations"."version" ASC[0m
  ↳ /usr/share/rvm/rubies/ruby-head/lib/ruby/gems/2.7.0/gems/rake-12.3.2/lib/rake/task.rb:273
  [1m[35m (0.1ms)[0m  [1m[34mSELECT "schema_migrations"."version" FROM "schema_migrations" ORDER BY "schema_migrations"."version" ASC[0m
  ↳ /usr/share/rvm/rubies/ruby-head/lib/ruby/gems/2.7.0/gems/rake-12.3.2/lib/rake/task.rb:273
  [1m[35m (0.1ms)[0m  [1m[34mSELECT "ar_internal_metadata"."value" FROM "ar_internal_metadata" WHERE "ar_internal_metadata"."key" = ?[0m  [["key", "environment"]]
  ↳ /usr/share/rvm/rubies/ruby-head/lib/ruby/gems/2.7.0/gems/rake-12.3.2/lib/rake/task.rb:273
  [1m[35m (0.0ms)[0m  [1m[34mSELECT "schema_migrations"."version" FROM "schema_migrations" ORDER BY "schema_migrations"."version" ASC[0m
  ↳ /usr/share/rvm/rubies/ruby-head/lib/ruby/gems/2.7.0/gems/rake-12.3.2/lib/rake/task.rb:273
  [1m[35m (0.0ms)[0m  [1m[34mSELECT "ar_internal_metadata"."value" FROM "ar_internal_metadata" WHERE "ar_internal_metadata"."key" = ?[0m  [["key", "environment"]]
  ↳ /usr/share/rvm/rubies/ruby-head/lib/ruby/gems/2.7.0/gems/rake-12.3.2/lib/rake/task.rb:273
  [1m[35m (0.0ms)[0m  [1m[34mSELECT "schema_migrations"."version" FROM "schema_migrations" ORDER BY "schema_migrations"."version" ASC[0m
  ↳ /usr/share/rvm/rubies/ruby-head/lib/ruby/gems/2.7.0/gems/rake-12.3.2/lib/rake/task.rb:273
  [1m[35m (0.0ms)[0m  [1m[34mSELECT "ar_internal_metadata"."value" FROM "ar_internal_metadata" WHERE "ar_internal_metadata"."key" = ?[0m  [["key", "environment"]]
  ↳ /usr/share/rvm/rubies/ruby-head/lib/ruby/gems/2.7.0/gems/rake-12.3.2/lib/rake/task.rb:273
  [1m[35m (0.1ms)[0m  [1m[35mDROP TABLE IF EXISTS "users"[0m
  ↳ db/schema.rb:15
  [1m[35m (0.2ms)[0m  [1m[34mSELECT sqlite_version(*)[0m
  ↳ db/schema.rb:15
  [1m[35m (102.5ms)[0m  [1m[35mCREATE TABLE "users" ("id" integer PRIMARY KEY AUTOINCREMENT NOT NULL, "name" varchar, "email" varchar, "password" varchar, "created_at" datetime NOT NULL, "updated_at" datetime NOT NULL, "deleted_at" datetime, "null" datetime)[0m
  ↳ db/schema.rb:15
  [1m[35m (82.2ms)[0m  [1m[35mCREATE TABLE "schema_migrations" ("version" varchar NOT NULL PRIMARY KEY)[0m
  ↳ db/schema.rb:13
  [1m[35m (0.1ms)[0m  [1m[34mSELECT "schema_migrations"."version" FROM "schema_migrations" ORDER BY "schema_migrations"."version" ASC[0m
  ↳ db/schema.rb:13
  [1m[35m (65.3ms)[0m  [1m[32mINSERT INTO "schema_migrations" (version) VALUES (20190719020355)[0m
  ↳ db/schema.rb:13
  [1m[35m (96.2ms)[0m  [1m[35mCREATE TABLE "ar_internal_metadata" ("key" varchar NOT NULL PRIMARY KEY, "value" varchar, "created_at" datetime NOT NULL, "updated_at" datetime NOT NULL)[0m
  ↳ db/schema.rb:13
  [1m[36mActiveRecord::InternalMetadata Load (0.2ms)[0m  [1m[34mSELECT  "ar_internal_metadata".* FROM "ar_internal_metadata" WHERE "ar_internal_metadata"."key" = ? LIMIT ?[0m  [["key", "environment"], ["LIMIT", 1]]
  ↳ db/schema.rb:13
  [1m[35m (0.0ms)[0m  [1m[36mbegin transaction[0m
  ↳ db/schema.rb:13
  [1m[36mActiveRecord::InternalMetadata Create (0.2ms)[0m  [1m[32mINSERT INTO "ar_internal_metadata" ("key", "value", "created_at", "updated_at") VALUES (?, ?, ?, ?)[0m  [["key", "environment"], ["value", "development"], ["created_at", "2019-07-19 02:15:29.242251"], ["updated_at", "2019-07-19 02:15:29.242251"]]
  ↳ db/schema.rb:13
  [1m[35m (66.9ms)[0m  [1m[36mcommit transaction[0m
  ↳ db/schema.rb:13
  [1m[36mActiveRecord::InternalMetadata Load (0.2ms)[0m  [1m[34mSELECT  "ar_internal_metadata".* FROM "ar_internal_metadata" WHERE "ar_internal_metadata"."key" = ? LIMIT ?[0m  [["key", "environment"], ["LIMIT", 1]]
  ↳ /usr/share/rvm/rubies/ruby-head/lib/ruby/gems/2.7.0/gems/rake-12.3.2/lib/rake/task.rb:273
  [1m[35m (0.2ms)[0m  [1m[36mbegin transaction[0m
  ↳ /usr/share/rvm/rubies/ruby-head/lib/ruby/gems/2.7.0/gems/rake-12.3.2/lib/rake/task.rb:273
  [1m[35m (0.1ms)[0m  [1m[36mcommit transaction[0m
  ↳ /usr/share/rvm/rubies/ruby-head/lib/ruby/gems/2.7.0/gems/rake-12.3.2/lib/rake/task.rb:273
  [1m[35m (0.2ms)[0m  [1m[35mDROP TABLE IF EXISTS "users"[0m
  ↳ db/schema.rb:15
  [1m[35m (0.2ms)[0m  [1m[34mSELECT sqlite_version(*)[0m
  ↳ db/schema.rb:15
  [1m[35m (94.3ms)[0m  [1m[35mCREATE TABLE "users" ("id" integer PRIMARY KEY AUTOINCREMENT NOT NULL, "name" varchar, "email" varchar, "password" varchar, "created_at" datetime NOT NULL, "updated_at" datetime NOT NULL, "deleted_at" datetime, "null" datetime)[0m
  ↳ db/schema.rb:15
  [1m[35m (90.7ms)[0m  [1m[35mCREATE TABLE "schema_migrations" ("version" varchar NOT NULL PRIMARY KEY)[0m
  ↳ db/schema.rb:13
  [1m[35m (0.6ms)[0m  [1m[34mSELECT "schema_migrations"."version" FROM "schema_migrations" ORDER BY "schema_migrations"."version" ASC[0m
  ↳ db/schema.rb:13
  [1m[35m (71.1ms)[0m  [1m[32mINSERT INTO "schema_migrations" (version) VALUES (20190719020355)[0m
  ↳ db/schema.rb:13
  [1m[35m (79.3ms)[0m  [1m[35mCREATE TABLE "ar_internal_metadata" ("key" varchar NOT NULL PRIMARY KEY, "value" varchar, "created_at" datetime NOT NULL, "updated_at" datetime NOT NULL)[0m
  ↳ db/schema.rb:13
  [1m[36mActiveRecord::InternalMetadata Load (0.5ms)[0m  [1m[34mSELECT  "ar_internal_metadata".* FROM "ar_internal_metadata" WHERE "ar_internal_metadata"."key" = ? LIMIT ?[0m  [["key", "environment"], ["LIMIT", 1]]
  ↳ db/schema.rb:13
  [1m[35m (0.1ms)[0m  [1m[36mbegin transaction[0m
  ↳ db/schema.rb:13
  [1m[36mActiveRecord::InternalMetadata Create (0.7ms)[0m  [1m[32mINSERT INTO "ar_internal_metadata" ("key", "value", "created_at", "updated_at") VALUES (?, ?, ?, ?)[0m  [["key", "environment"], ["value", "development"], ["created_at", "2019-07-19 02:15:29.694562"], ["updated_at", "2019-07-19 02:15:29.694562"]]
  ↳ db/schema.rb:13
  [1m[35m (68.6ms)[0m  [1m[36mcommit transaction[0m
  ↳ db/schema.rb:13
  [1m[36mActiveRecord::InternalMetadata Load (0.2ms)[0m  [1m[34mSELECT  "ar_internal_metadata".* FROM "ar_internal_metadata" WHERE "ar_internal_metadata"."key" = ? LIMIT ?[0m  [["key", "environment"], ["LIMIT", 1]]
  ↳ /usr/share/rvm/rubies/ruby-head/lib/ruby/gems/2.7.0/gems/rake-12.3.2/lib/rake/task.rb:273
  [1m[35m (0.1ms)[0m  [1m[36mbegin transaction[0m
  ↳ /usr/share/rvm/rubies/ruby-head/lib/ruby/gems/2.7.0/gems/rake-12.3.2/lib/rake/task.rb:273
  [1m[36mActiveRecord::InternalMetadata Update (0.6ms)[0m  [1m[33mUPDATE "ar_internal_metadata" SET "value" = ?, "updated_at" = ? WHERE "ar_internal_metadata"."key" = ?[0m  [["value", "test"], ["updated_at", "2019-07-19 02:15:29.772600"], ["key", "environment"]]
  ↳ /usr/share/rvm/rubies/ruby-head/lib/ruby/gems/2.7.0/gems/rake-12.3.2/lib/rake/task.rb:273
  [1m[35m (68.9ms)[0m  [1m[36mcommit transaction[0m
  ↳ /usr/share/rvm/rubies/ruby-head/lib/ruby/gems/2.7.0/gems/rake-12.3.2/lib/rake/task.rb:273
  [1m[35m (0.3ms)[0m  [1m[34mSELECT "schema_migrations"."version" FROM "schema_migrations" ORDER BY "schema_migrations"."version" ASC[0m
  ↳ /usr/share/rvm/rubies/ruby-head/lib/ruby/gems/2.7.0/gems/rake-12.3.2/lib/rake/task.rb:273
  [1m[35m (0.1ms)[0m  [1m[34mSELECT "schema_migrations"."version" FROM "schema_migrations" ORDER BY "schema_migrations"."version" ASC[0m
  ↳ /usr/share/rvm/rubies/ruby-head/lib/ruby/gems/2.7.0/gems/rake-12.3.2/lib/rake/task.rb:273
  [1m[35m (0.1ms)[0m  [1m[34mSELECT "ar_internal_metadata"."value" FROM "ar_internal_metadata" WHERE "ar_internal_metadata"."key" = ?[0m  [["key", "environment"]]
  ↳ /usr/share/rvm/rubies/ruby-head/lib/ruby/gems/2.7.0/gems/rake-12.3.2/lib/rake/task.rb:273
  [1m[35m (0.1ms)[0m  [1m[34mSELECT "schema_migrations"."version" FROM "schema_migrations" ORDER BY "schema_migrations"."version" ASC[0m
  ↳ /usr/share/rvm/rubies/ruby-head/lib/ruby/gems/2.7.0/gems/rake-12.3.2/lib/rake/task.rb:273
  [1m[35m (0.0ms)[0m  [1m[34mSELECT "ar_internal_metadata"."value" FROM "ar_internal_metadata" WHERE "ar_internal_metadata"."key" = ?[0m  [["key", "environment"]]
  ↳ /usr/share/rvm/rubies/ruby-head/lib/ruby/gems/2.7.0/gems/rake-12.3.2/lib/rake/task.rb:273
  [1m[35m (0.0ms)[0m  [1m[34mSELECT "schema_migrations"."version" FROM "schema_migrations" ORDER BY "schema_migrations"."version" ASC[0m
  ↳ /usr/share/rvm/rubies/ruby-head/lib/ruby/gems/2.7.0/gems/rake-12.3.2/lib/rake/task.rb:273
  [1m[35m (0.0ms)[0m  [1m[34mSELECT "ar_internal_metadata"."value" FROM "ar_internal_metadata" WHERE "ar_internal_metadata"."key" = ?[0m  [["key", "environment"]]
  ↳ /usr/share/rvm/rubies/ruby-head/lib/ruby/gems/2.7.0/gems/rake-12.3.2/lib/rake/task.rb:273
  [1m[35m (0.0ms)[0m  [1m[35mDROP TABLE IF EXISTS "users"[0m
  ↳ db/schema.rb:15
  [1m[35m (0.1ms)[0m  [1m[34mSELECT sqlite_version(*)[0m
  ↳ db/schema.rb:15
  [1m[35m (292.4ms)[0m  [1m[35mCREATE TABLE "users" ("id" integer PRIMARY KEY AUTOINCREMENT NOT NULL, "name" varchar, "email" varchar, "password" varchar, "created_at" datetime NOT NULL, "updated_at" datetime NOT NULL, "deleted_at" datetime, "null" datetime)[0m
  ↳ db/schema.rb:15
  [1m[35m (83.4ms)[0m  [1m[35mCREATE TABLE "schema_migrations" ("version" varchar NOT NULL PRIMARY KEY)[0m
  ↳ db/schema.rb:13
  [1m[35m (0.4ms)[0m  [1m[34mSELECT "schema_migrations"."version" FROM "schema_migrations" ORDER BY "schema_migrations"."version" ASC[0m
  ↳ db/schema.rb:13
  [1m[35m (69.7ms)[0m  [1m[32mINSERT INTO "schema_migrations" (version) VALUES (20190719020355)[0m
  ↳ db/schema.rb:13
  [1m[35m (115.6ms)[0m  [1m[35mCREATE TABLE "ar_internal_metadata" ("key" varchar NOT NULL PRIMARY KEY, "value" varchar, "created_at" datetime NOT NULL, "updated_at" datetime NOT NULL)[0m
  ↳ db/schema.rb:13
  [1m[36mActiveRecord::InternalMetadata Load (0.6ms)[0m  [1m[34mSELECT  "ar_internal_metadata".* FROM "ar_internal_metadata" WHERE "ar_internal_metadata"."key" = ? LIMIT ?[0m  [["key", "environment"], ["LIMIT", 1]]
  ↳ db/schema.rb:13
  [1m[35m (0.1ms)[0m  [1m[36mbegin transaction[0m
  ↳ db/schema.rb:13
  [1m[36mActiveRecord::InternalMetadata Create (0.3ms)[0m  [1m[32mINSERT INTO "ar_internal_metadata" ("key", "value", "created_at", "updated_at") VALUES (?, ?, ?, ?)[0m  [["key", "environment"], ["value", "development"], ["created_at", "2019-07-19 02:16:55.598372"], ["updated_at", "2019-07-19 02:16:55.598372"]]
  ↳ db/schema.rb:13
  [1m[35m (67.8ms)[0m  [1m[36mcommit transaction[0m
  ↳ db/schema.rb:13
  [1m[36mActiveRecord::InternalMetadata Load (0.1ms)[0m  [1m[34mSELECT  "ar_internal_metadata".* FROM "ar_internal_metadata" WHERE "ar_internal_metadata"."key" = ? LIMIT ?[0m  [["key", "environment"], ["LIMIT", 1]]
  ↳ /usr/share/rvm/rubies/ruby-head/lib/ruby/gems/2.7.0/gems/rake-12.3.2/lib/rake/task.rb:273
  [1m[35m (0.1ms)[0m  [1m[36mbegin transaction[0m
  ↳ /usr/share/rvm/rubies/ruby-head/lib/ruby/gems/2.7.0/gems/rake-12.3.2/lib/rake/task.rb:273
  [1m[35m (0.1ms)[0m  [1m[36mcommit transaction[0m
  ↳ /usr/share/rvm/rubies/ruby-head/lib/ruby/gems/2.7.0/gems/rake-12.3.2/lib/rake/task.rb:273
  [1m[35m (0.1ms)[0m  [1m[35mDROP TABLE IF EXISTS "users"[0m
  ↳ db/schema.rb:15
  [1m[35m (0.1ms)[0m  [1m[34mSELECT sqlite_version(*)[0m
  ↳ db/schema.rb:15
  [1m[35m (86.2ms)[0m  [1m[35mCREATE TABLE "users" ("id" integer PRIMARY KEY AUTOINCREMENT NOT NULL, "name" varchar, "email" varchar, "password" varchar, "created_at" datetime NOT NULL, "updated_at" datetime NOT NULL, "deleted_at" datetime, "null" datetime)[0m
  ↳ db/schema.rb:15
  [1m[35m (83.1ms)[0m  [1m[35mCREATE TABLE "schema_migrations" ("version" varchar NOT NULL PRIMARY KEY)[0m
  ↳ db/schema.rb:13
  [1m[35m (0.4ms)[0m  [1m[34mSELECT "schema_migrations"."version" FROM "schema_migrations" ORDER BY "schema_migrations"."version" ASC[0m
  ↳ db/schema.rb:13
  [1m[35m (69.9ms)[0m  [1m[32mINSERT INTO "schema_migrations" (version) VALUES (20190719020355)[0m
  ↳ db/schema.rb:13
  [1m[35m (81.0ms)[0m  [1m[35mCREATE TABLE "ar_internal_metadata" ("key" varchar NOT NULL PRIMARY KEY, "value" varchar, "created_at" datetime NOT NULL, "updated_at" datetime NOT NULL)[0m
  ↳ db/schema.rb:13
  [1m[36mActiveRecord::InternalMetadata Load (0.5ms)[0m  [1m[34mSELECT  "ar_internal_metadata".* FROM "ar_internal_metadata" WHERE "ar_internal_metadata"."key" = ? LIMIT ?[0m  [["key", "environment"], ["LIMIT", 1]]
  ↳ db/schema.rb:13
  [1m[35m (0.1ms)[0m  [1m[36mbegin transaction[0m
  ↳ db/schema.rb:13
  [1m[36mActiveRecord::InternalMetadata Create (0.6ms)[0m  [1m[32mINSERT INTO "ar_internal_metadata" ("key", "value", "created_at", "updated_at") VALUES (?, ?, ?, ?)[0m  [["key", "environment"], ["value", "development"], ["created_at", "2019-07-19 02:16:56.018400"], ["updated_at", "2019-07-19 02:16:56.018400"]]
  ↳ db/schema.rb:13
  [1m[35m (69.4ms)[0m  [1m[36mcommit transaction[0m
  ↳ db/schema.rb:13
  [1m[36mActiveRecord::InternalMetadata Load (0.3ms)[0m  [1m[34mSELECT  "ar_internal_metadata".* FROM "ar_internal_metadata" WHERE "ar_internal_metadata"."key" = ? LIMIT ?[0m  [["key", "environment"], ["LIMIT", 1]]
  ↳ /usr/share/rvm/rubies/ruby-head/lib/ruby/gems/2.7.0/gems/rake-12.3.2/lib/rake/task.rb:273
  [1m[35m (0.1ms)[0m  [1m[36mbegin transaction[0m
  ↳ /usr/share/rvm/rubies/ruby-head/lib/ruby/gems/2.7.0/gems/rake-12.3.2/lib/rake/task.rb:273
  [1m[36mActiveRecord::InternalMetadata Update (0.6ms)[0m  [1m[33mUPDATE "ar_internal_metadata" SET "value" = ?, "updated_at" = ? WHERE "ar_internal_metadata"."key" = ?[0m  [["value", "test"], ["updated_at", "2019-07-19 02:16:56.097999"], ["key", "environment"]]
  ↳ /usr/share/rvm/rubies/ruby-head/lib/ruby/gems/2.7.0/gems/rake-12.3.2/lib/rake/task.rb:273
  [1m[35m (68.4ms)[0m  [1m[36mcommit transaction[0m
  ↳ /usr/share/rvm/rubies/ruby-head/lib/ruby/gems/2.7.0/gems/rake-12.3.2/lib/rake/task.rb:273
  [1m[35m (0.3ms)[0m  [1m[34mSELECT "schema_migrations"."version" FROM "schema_migrations" ORDER BY "schema_migrations"."version" ASC[0m
  ↳ /usr/share/rvm/rubies/ruby-head/lib/ruby/gems/2.7.0/gems/rake-12.3.2/lib/rake/task.rb:273
  [1m[35m (0.1ms)[0m  [1m[34mSELECT "schema_migrations"."version" FROM "schema_migrations" ORDER BY "schema_migrations"."version" ASC[0m
  ↳ /usr/share/rvm/rubies/ruby-head/lib/ruby/gems/2.7.0/gems/rake-12.3.2/lib/rake/task.rb:273
  [1m[35m (0.1ms)[0m  [1m[34mSELECT "ar_internal_metadata"."value" FROM "ar_internal_metadata" WHERE "ar_internal_metadata"."key" = ?[0m  [["key", "environment"]]
  ↳ /usr/share/rvm/rubies/ruby-head/lib/ruby/gems/2.7.0/gems/rake-12.3.2/lib/rake/task.rb:273
  [1m[35m (0.1ms)[0m  [1m[34mSELECT "schema_migrations"."version" FROM "schema_migrations" ORDER BY "schema_migrations"."version" ASC[0m
  ↳ /usr/share/rvm/rubies/ruby-head/lib/ruby/gems/2.7.0/gems/rake-12.3.2/lib/rake/task.rb:273
  [1m[35m (0.1ms)[0m  [1m[34mSELECT "ar_internal_metadata"."value" FROM "ar_internal_metadata" WHERE "ar_internal_metadata"."key" = ?[0m  [["key", "environment"]]
  ↳ /usr/share/rvm/rubies/ruby-head/lib/ruby/gems/2.7.0/gems/rake-12.3.2/lib/rake/task.rb:273
  [1m[35m (0.1ms)[0m  [1m[34mSELECT "schema_migrations"."version" FROM "schema_migrations" ORDER BY "schema_migrations"."version" ASC[0m
  ↳ /usr/share/rvm/rubies/ruby-head/lib/ruby/gems/2.7.0/gems/rake-12.3.2/lib/rake/task.rb:273
  [1m[35m (0.1ms)[0m  [1m[34mSELECT "ar_internal_metadata"."value" FROM "ar_internal_metadata" WHERE "ar_internal_metadata"."key" = ?[0m  [["key", "environment"]]
  ↳ /usr/share/rvm/rubies/ruby-head/lib/ruby/gems/2.7.0/gems/rake-12.3.2/lib/rake/task.rb:273
  [1m[35m (0.0ms)[0m  [1m[35mDROP TABLE IF EXISTS "users"[0m
  ↳ db/schema.rb:15
  [1m[35m (0.1ms)[0m  [1m[34mSELECT sqlite_version(*)[0m
  ↳ db/schema.rb:15
  [1m[35m (208.6ms)[0m  [1m[35mCREATE TABLE "users" ("id" integer PRIMARY KEY AUTOINCREMENT NOT NULL, "name" varchar, "email" varchar, "password" varchar, "created_at" datetime NOT NULL, "updated_at" datetime NOT NULL, "deleted_at" datetime, "null" datetime)[0m
  ↳ db/schema.rb:15
  [1m[35m (85.2ms)[0m  [1m[35mCREATE TABLE "schema_migrations" ("version" varchar NOT NULL PRIMARY KEY)[0m
  ↳ db/schema.rb:13
  [1m[35m (0.3ms)[0m  [1m[34mSELECT "schema_migrations"."version" FROM "schema_migrations" ORDER BY "schema_migrations"."version" ASC[0m
  ↳ db/schema.rb:13
  [1m[35m (64.9ms)[0m  [1m[32mINSERT INTO "schema_migrations" (version) VALUES (20190719020355)[0m
  ↳ db/schema.rb:13
  [1m[35m (403.1ms)[0m  [1m[35mCREATE TABLE "ar_internal_metadata" ("key" varchar NOT NULL PRIMARY KEY, "value" varchar, "created_at" datetime NOT NULL, "updated_at" datetime NOT NULL)[0m
  ↳ db/schema.rb:13
  [1m[36mActiveRecord::InternalMetadata Load (0.4ms)[0m  [1m[34mSELECT  "ar_internal_metadata".* FROM "ar_internal_metadata" WHERE "ar_internal_metadata"."key" = ? LIMIT ?[0m  [["key", "environment"], ["LIMIT", 1]]
  ↳ db/schema.rb:13
  [1m[35m (0.2ms)[0m  [1m[36mbegin transaction[0m
  ↳ db/schema.rb:13
  [1m[36mActiveRecord::InternalMetadata Create (0.7ms)[0m  [1m[32mINSERT INTO "ar_internal_metadata" ("key", "value", "created_at", "updated_at") VALUES (?, ?, ?, ?)[0m  [["key", "environment"], ["value", "development"], ["created_at", "2019-07-19 02:17:27.722052"], ["updated_at", "2019-07-19 02:17:27.722052"]]
  ↳ db/schema.rb:13
  [1m[35m (86.9ms)[0m  [1m[36mcommit transaction[0m
  ↳ db/schema.rb:13
  [1m[36mActiveRecord::InternalMetadata Load (0.3ms)[0m  [1m[34mSELECT  "ar_internal_metadata".* FROM "ar_internal_metadata" WHERE "ar_internal_metadata"."key" = ? LIMIT ?[0m  [["key", "environment"], ["LIMIT", 1]]
  ↳ /usr/share/rvm/rubies/ruby-head/lib/ruby/gems/2.7.0/gems/rake-12.3.2/lib/rake/task.rb:273
  [1m[35m (0.1ms)[0m  [1m[36mbegin transaction[0m
  ↳ /usr/share/rvm/rubies/ruby-head/lib/ruby/gems/2.7.0/gems/rake-12.3.2/lib/rake/task.rb:273
  [1m[35m (0.1ms)[0m  [1m[36mcommit transaction[0m
  ↳ /usr/share/rvm/rubies/ruby-head/lib/ruby/gems/2.7.0/gems/rake-12.3.2/lib/rake/task.rb:273
  [1m[35m (0.1ms)[0m  [1m[35mDROP TABLE IF EXISTS "users"[0m
  ↳ db/schema.rb:15
  [1m[35m (0.1ms)[0m  [1m[34mSELECT sqlite_version(*)[0m
  ↳ db/schema.rb:15
  [1m[35m (129.3ms)[0m  [1m[35mCREATE TABLE "users" ("id" integer PRIMARY KEY AUTOINCREMENT NOT NULL, "name" varchar, "email" varchar, "password" varchar, "created_at" datetime NOT NULL, "updated_at" datetime NOT NULL, "deleted_at" datetime, "null" datetime)[0m
  ↳ db/schema.rb:15
  [1m[35m (170.2ms)[0m  [1m[35mCREATE TABLE "schema_migrations" ("version" varchar NOT NULL PRIMARY KEY)[0m
  ↳ db/schema.rb:13
  [1m[35m (0.2ms)[0m  [1m[34mSELECT "schema_migrations"."version" FROM "schema_migrations" ORDER BY "schema_migrations"."version" ASC[0m
  ↳ db/schema.rb:13
  [1m[35m (66.1ms)[0m  [1m[32mINSERT INTO "schema_migrations" (version) VALUES (20190719020355)[0m
  ↳ db/schema.rb:13
  [1m[35m (83.9ms)[0m  [1m[35mCREATE TABLE "ar_internal_metadata" ("key" varchar NOT NULL PRIMARY KEY, "value" varchar, "created_at" datetime NOT NULL, "updated_at" datetime NOT NULL)[0m
  ↳ db/schema.rb:13
  [1m[36mActiveRecord::InternalMetadata Load (0.5ms)[0m  [1m[34mSELECT  "ar_internal_metadata".* FROM "ar_internal_metadata" WHERE "ar_internal_metadata"."key" = ? LIMIT ?[0m  [["key", "environment"], ["LIMIT", 1]]
  ↳ db/schema.rb:13
  [1m[35m (0.2ms)[0m  [1m[36mbegin transaction[0m
  ↳ db/schema.rb:13
  [1m[36mActiveRecord::InternalMetadata Create (0.8ms)[0m  [1m[32mINSERT INTO "ar_internal_metadata" ("key", "value", "created_at", "updated_at") VALUES (?, ?, ?, ?)[0m  [["key", "environment"], ["value", "development"], ["created_at", "2019-07-19 02:17:28.287168"], ["updated_at", "2019-07-19 02:17:28.287168"]]
  ↳ db/schema.rb:13
  [1m[35m (63.0ms)[0m  [1m[36mcommit transaction[0m
  ↳ db/schema.rb:13
  [1m[36mActiveRecord::InternalMetadata Load (0.2ms)[0m  [1m[34mSELECT  "ar_internal_metadata".* FROM "ar_internal_metadata" WHERE "ar_internal_metadata"."key" = ? LIMIT ?[0m  [["key", "environment"], ["LIMIT", 1]]
  ↳ /usr/share/rvm/rubies/ruby-head/lib/ruby/gems/2.7.0/gems/rake-12.3.2/lib/rake/task.rb:273
  [1m[35m (0.1ms)[0m  [1m[36mbegin transaction[0m
  ↳ /usr/share/rvm/rubies/ruby-head/lib/ruby/gems/2.7.0/gems/rake-12.3.2/lib/rake/task.rb:273
  [1m[36mActiveRecord::InternalMetadata Update (1.3ms)[0m  [1m[33mUPDATE "ar_internal_metadata" SET "value" = ?, "updated_at" = ? WHERE "ar_internal_metadata"."key" = ?[0m  [["value", "test"], ["updated_at", "2019-07-19 02:17:28.359581"], ["key", "environment"]]
  ↳ /usr/share/rvm/rubies/ruby-head/lib/ruby/gems/2.7.0/gems/rake-12.3.2/lib/rake/task.rb:273
  [1m[35m (67.8ms)[0m  [1m[36mcommit transaction[0m
  ↳ /usr/share/rvm/rubies/ruby-head/lib/ruby/gems/2.7.0/gems/rake-12.3.2/lib/rake/task.rb:273
  [1m[35m (0.4ms)[0m  [1m[34mSELECT "schema_migrations"."version" FROM "schema_migrations" ORDER BY "schema_migrations"."version" ASC[0m
  ↳ /usr/share/rvm/rubies/ruby-head/lib/ruby/gems/2.7.0/gems/rake-12.3.2/lib/rake/task.rb:273
  [1m[35m (0.1ms)[0m  [1m[34mSELECT "schema_migrations"."version" FROM "schema_migrations" ORDER BY "schema_migrations"."version" ASC[0m
  ↳ /usr/share/rvm/rubies/ruby-head/lib/ruby/gems/2.7.0/gems/rake-12.3.2/lib/rake/task.rb:273
  [1m[35m (0.1ms)[0m  [1m[34mSELECT "ar_internal_metadata"."value" FROM "ar_internal_metadata" WHERE "ar_internal_metadata"."key" = ?[0m  [["key", "environment"]]
  ↳ /usr/share/rvm/rubies/ruby-head/lib/ruby/gems/2.7.0/gems/rake-12.3.2/lib/rake/task.rb:273
  [1m[35m (0.0ms)[0m  [1m[34mSELECT "schema_migrations"."version" FROM "schema_migrations" ORDER BY "schema_migrations"."version" ASC[0m
  ↳ /usr/share/rvm/rubies/ruby-head/lib/ruby/gems/2.7.0/gems/rake-12.3.2/lib/rake/task.rb:273
  [1m[35m (0.0ms)[0m  [1m[34mSELECT "ar_internal_metadata"."value" FROM "ar_internal_metadata" WHERE "ar_internal_metadata"."key" = ?[0m  [["key", "environment"]]
  ↳ /usr/share/rvm/rubies/ruby-head/lib/ruby/gems/2.7.0/gems/rake-12.3.2/lib/rake/task.rb:273
  [1m[35m (0.0ms)[0m  [1m[34mSELECT "schema_migrations"."version" FROM "schema_migrations" ORDER BY "schema_migrations"."version" ASC[0m
  ↳ /usr/share/rvm/rubies/ruby-head/lib/ruby/gems/2.7.0/gems/rake-12.3.2/lib/rake/task.rb:273
  [1m[35m (0.0ms)[0m  [1m[34mSELECT "ar_internal_metadata"."value" FROM "ar_internal_metadata" WHERE "ar_internal_metadata"."key" = ?[0m  [["key", "environment"]]
  ↳ /usr/share/rvm/rubies/ruby-head/lib/ruby/gems/2.7.0/gems/rake-12.3.2/lib/rake/task.rb:273
  [1m[35m (0.1ms)[0m  [1m[35mDROP TABLE IF EXISTS "users"[0m
  ↳ db/schema.rb:15
  [1m[35m (0.1ms)[0m  [1m[34mSELECT sqlite_version(*)[0m
  ↳ db/schema.rb:15
  [1m[35m (191.4ms)[0m  [1m[35mCREATE TABLE "users" ("id" integer PRIMARY KEY AUTOINCREMENT NOT NULL, "name" varchar, "email" varchar, "password" varchar, "created_at" datetime NOT NULL, "updated_at" datetime NOT NULL, "deleted_at" datetime, "null" datetime)[0m
  ↳ db/schema.rb:15
  [1m[35m (80.4ms)[0m  [1m[35mCREATE TABLE "schema_migrations" ("version" varchar NOT NULL PRIMARY KEY)[0m
  ↳ db/schema.rb:13
  [1m[35m (0.4ms)[0m  [1m[34mSELECT "schema_migrations"."version" FROM "schema_migrations" ORDER BY "schema_migrations"."version" ASC[0m
  ↳ db/schema.rb:13
  [1m[35m (73.0ms)[0m  [1m[32mINSERT INTO "schema_migrations" (version) VALUES (20190719020355)[0m
  ↳ db/schema.rb:13
  [1m[35m (89.9ms)[0m  [1m[35mCREATE TABLE "ar_internal_metadata" ("key" varchar NOT NULL PRIMARY KEY, "value" varchar, "created_at" datetime NOT NULL, "updated_at" datetime NOT NULL)[0m
  ↳ db/schema.rb:13
  [1m[36mActiveRecord::InternalMetadata Load (0.3ms)[0m  [1m[34mSELECT  "ar_internal_metadata".* FROM "ar_internal_metadata" WHERE "ar_internal_metadata"."key" = ? LIMIT ?[0m  [["key", "environment"], ["LIMIT", 1]]
  ↳ db/schema.rb:13
  [1m[35m (0.1ms)[0m  [1m[36mbegin transaction[0m
  ↳ db/schema.rb:13
  [1m[36mActiveRecord::InternalMetadata Create (0.4ms)[0m  [1m[32mINSERT INTO "ar_internal_metadata" ("key", "value", "created_at", "updated_at") VALUES (?, ?, ?, ?)[0m  [["key", "environment"], ["value", "development"], ["created_at", "2019-07-19 02:17:43.967156"], ["updated_at", "2019-07-19 02:17:43.967156"]]
  ↳ db/schema.rb:13
  [1m[35m (63.8ms)[0m  [1m[36mcommit transaction[0m
  ↳ db/schema.rb:13
  [1m[36mActiveRecord::InternalMetadata Load (0.3ms)[0m  [1m[34mSELECT  "ar_internal_metadata".* FROM "ar_internal_metadata" WHERE "ar_internal_metadata"."key" = ? LIMIT ?[0m  [["key", "environment"], ["LIMIT", 1]]
  ↳ /usr/share/rvm/rubies/ruby-head/lib/ruby/gems/2.7.0/gems/rake-12.3.2/lib/rake/task.rb:273
  [1m[35m (0.1ms)[0m  [1m[36mbegin transaction[0m
  ↳ /usr/share/rvm/rubies/ruby-head/lib/ruby/gems/2.7.0/gems/rake-12.3.2/lib/rake/task.rb:273
  [1m[35m (0.1ms)[0m  [1m[36mcommit transaction[0m
  ↳ /usr/share/rvm/rubies/ruby-head/lib/ruby/gems/2.7.0/gems/rake-12.3.2/lib/rake/task.rb:273
  [1m[35m (0.3ms)[0m  [1m[35mDROP TABLE IF EXISTS "users"[0m
  ↳ db/schema.rb:15
  [1m[35m (0.3ms)[0m  [1m[34mSELECT sqlite_version(*)[0m
  ↳ db/schema.rb:15
  [1m[35m (81.2ms)[0m  [1m[35mCREATE TABLE "users" ("id" integer PRIMARY KEY AUTOINCREMENT NOT NULL, "name" varchar, "email" varchar, "password" varchar, "created_at" datetime NOT NULL, "updated_at" datetime NOT NULL, "deleted_at" datetime, "null" datetime)[0m
  ↳ db/schema.rb:15
  [1m[35m (83.5ms)[0m  [1m[35mCREATE TABLE "schema_migrations" ("version" varchar NOT NULL PRIMARY KEY)[0m
  ↳ db/schema.rb:13
  [1m[35m (0.6ms)[0m  [1m[34mSELECT "schema_migrations"."version" FROM "schema_migrations" ORDER BY "schema_migrations"."version" ASC[0m
  ↳ db/schema.rb:13
  [1m[35m (73.4ms)[0m  [1m[32mINSERT INTO "schema_migrations" (version) VALUES (20190719020355)[0m
  ↳ db/schema.rb:13
  [1m[35m (81.4ms)[0m  [1m[35mCREATE TABLE "ar_internal_metadata" ("key" varchar NOT NULL PRIMARY KEY, "value" varchar, "created_at" datetime NOT NULL, "updated_at" datetime NOT NULL)[0m
  ↳ db/schema.rb:13
  [1m[36mActiveRecord::InternalMetadata Load (0.3ms)[0m  [1m[34mSELECT  "ar_internal_metadata".* FROM "ar_internal_metadata" WHERE "ar_internal_metadata"."key" = ? LIMIT ?[0m  [["key", "environment"], ["LIMIT", 1]]
  ↳ db/schema.rb:13
  [1m[35m (0.1ms)[0m  [1m[36mbegin transaction[0m
  ↳ db/schema.rb:13
  [1m[36mActiveRecord::InternalMetadata Create (0.4ms)[0m  [1m[32mINSERT INTO "ar_internal_metadata" ("key", "value", "created_at", "updated_at") VALUES (?, ?, ?, ?)[0m  [["key", "environment"], ["value", "development"], ["created_at", "2019-07-19 02:17:44.384623"], ["updated_at", "2019-07-19 02:17:44.384623"]]
  ↳ db/schema.rb:13
  [1m[35m (82.5ms)[0m  [1m[36mcommit transaction[0m
  ↳ db/schema.rb:13
  [1m[36mActiveRecord::InternalMetadata Load (0.2ms)[0m  [1m[34mSELECT  "ar_internal_metadata".* FROM "ar_internal_metadata" WHERE "ar_internal_metadata"."key" = ? LIMIT ?[0m  [["key", "environment"], ["LIMIT", 1]]
  ↳ /usr/share/rvm/rubies/ruby-head/lib/ruby/gems/2.7.0/gems/rake-12.3.2/lib/rake/task.rb:273
  [1m[35m (0.1ms)[0m  [1m[36mbegin transaction[0m
  ↳ /usr/share/rvm/rubies/ruby-head/lib/ruby/gems/2.7.0/gems/rake-12.3.2/lib/rake/task.rb:273
  [1m[36mActiveRecord::InternalMetadata Update (0.7ms)[0m  [1m[33mUPDATE "ar_internal_metadata" SET "value" = ?, "updated_at" = ? WHERE "ar_internal_metadata"."key" = ?[0m  [["value", "test"], ["updated_at", "2019-07-19 02:17:44.476805"], ["key", "environment"]]
  ↳ /usr/share/rvm/rubies/ruby-head/lib/ruby/gems/2.7.0/gems/rake-12.3.2/lib/rake/task.rb:273
  [1m[35m (66.4ms)[0m  [1m[36mcommit transaction[0m
  ↳ /usr/share/rvm/rubies/ruby-head/lib/ruby/gems/2.7.0/gems/rake-12.3.2/lib/rake/task.rb:273
  [1m[35m (0.3ms)[0m  [1m[34mSELECT "schema_migrations"."version" FROM "schema_migrations" ORDER BY "schema_migrations"."version" ASC[0m
  ↳ /usr/share/rvm/rubies/ruby-head/lib/ruby/gems/2.7.0/gems/rake-12.3.2/lib/rake/task.rb:273
  [1m[35m (0.2ms)[0m  [1m[34mSELECT "schema_migrations"."version" FROM "schema_migrations" ORDER BY "schema_migrations"."version" ASC[0m
  ↳ /usr/share/rvm/rubies/ruby-head/lib/ruby/gems/2.7.0/gems/rake-12.3.2/lib/rake/task.rb:273
  [1m[35m (0.1ms)[0m  [1m[34mSELECT "ar_internal_metadata"."value" FROM "ar_internal_metadata" WHERE "ar_internal_metadata"."key" = ?[0m  [["key", "environment"]]
  ↳ /usr/share/rvm/rubies/ruby-head/lib/ruby/gems/2.7.0/gems/rake-12.3.2/lib/rake/task.rb:273
  [1m[35m (0.0ms)[0m  [1m[34mSELECT "schema_migrations"."version" FROM "schema_migrations" ORDER BY "schema_migrations"."version" ASC[0m
  ↳ /usr/share/rvm/rubies/ruby-head/lib/ruby/gems/2.7.0/gems/rake-12.3.2/lib/rake/task.rb:273
  [1m[35m (0.0ms)[0m  [1m[34mSELECT "ar_internal_metadata"."value" FROM "ar_internal_metadata" WHERE "ar_internal_metadata"."key" = ?[0m  [["key", "environment"]]
  ↳ /usr/share/rvm/rubies/ruby-head/lib/ruby/gems/2.7.0/gems/rake-12.3.2/lib/rake/task.rb:273
  [1m[35m (0.0ms)[0m  [1m[34mSELECT "schema_migrations"."version" FROM "schema_migrations" ORDER BY "schema_migrations"."version" ASC[0m
  ↳ /usr/share/rvm/rubies/ruby-head/lib/ruby/gems/2.7.0/gems/rake-12.3.2/lib/rake/task.rb:273
  [1m[35m (0.0ms)[0m  [1m[34mSELECT "ar_internal_metadata"."value" FROM "ar_internal_metadata" WHERE "ar_internal_metadata"."key" = ?[0m  [["key", "environment"]]
  ↳ /usr/share/rvm/rubies/ruby-head/lib/ruby/gems/2.7.0/gems/rake-12.3.2/lib/rake/task.rb:273
  [1m[35m (194.1ms)[0m  [1m[35mDROP TABLE IF EXISTS "users"[0m
  ↳ db/schema.rb:15
  [1m[35m (0.4ms)[0m  [1m[34mSELECT sqlite_version(*)[0m
  ↳ db/schema.rb:15
  [1m[35m (62.9ms)[0m  [1m[35mCREATE TABLE "users" ("id" integer PRIMARY KEY AUTOINCREMENT NOT NULL, "name" varchar, "email" varchar, "password" varchar, "created_at" datetime NOT NULL, "updated_at" datetime NOT NULL, "deleted_at" datetime, "null" datetime)[0m
  ↳ db/schema.rb:15
  [1m[35m (1.1ms)[0m  [1m[34mSELECT "schema_migrations"."version" FROM "schema_migrations" ORDER BY "schema_migrations"."version" ASC[0m
  ↳ db/schema.rb:13
  [1m[36mActiveRecord::InternalMetadata Load (0.5ms)[0m  [1m[34mSELECT  "ar_internal_metadata".* FROM "ar_internal_metadata" WHERE "ar_internal_metadata"."key" = ? LIMIT ?[0m  [["key", "environment"], ["LIMIT", 1]]
  ↳ db/schema.rb:13
  [1m[35m (0.1ms)[0m  [1m[36mbegin transaction[0m
  ↳ db/schema.rb:13
  [1m[35m (0.1ms)[0m  [1m[36mcommit transaction[0m
  ↳ db/schema.rb:13
  [1m[36mActiveRecord::InternalMetadata Load (0.2ms)[0m  [1m[34mSELECT  "ar_internal_metadata".* FROM "ar_internal_metadata" WHERE "ar_internal_metadata"."key" = ? LIMIT ?[0m  [["key", "environment"], ["LIMIT", 1]]
  ↳ /usr/share/rvm/rubies/ruby-head/lib/ruby/gems/2.7.0/gems/rake-12.3.2/lib/rake/task.rb:273
  [1m[35m (0.1ms)[0m  [1m[36mbegin transaction[0m
  ↳ /usr/share/rvm/rubies/ruby-head/lib/ruby/gems/2.7.0/gems/rake-12.3.2/lib/rake/task.rb:273
  [1m[35m (0.1ms)[0m  [1m[36mcommit transaction[0m
  ↳ /usr/share/rvm/rubies/ruby-head/lib/ruby/gems/2.7.0/gems/rake-12.3.2/lib/rake/task.rb:273
  [1m[35m (64.5ms)[0m  [1m[35mDROP TABLE IF EXISTS "users"[0m
  ↳ db/schema.rb:15
  [1m[35m (0.2ms)[0m  [1m[34mSELECT sqlite_version(*)[0m
  ↳ db/schema.rb:15
  [1m[35m (82.6ms)[0m  [1m[35mCREATE TABLE "users" ("id" integer PRIMARY KEY AUTOINCREMENT NOT NULL, "name" varchar, "email" varchar, "password" varchar, "created_at" datetime NOT NULL, "updated_at" datetime NOT NULL, "deleted_at" datetime, "null" datetime)[0m
  ↳ db/schema.rb:15
  [1m[35m (0.3ms)[0m  [1m[34mSELECT "schema_migrations"."version" FROM "schema_migrations" ORDER BY "schema_migrations"."version" ASC[0m
  ↳ db/schema.rb:13
  [1m[36mActiveRecord::InternalMetadata Load (0.5ms)[0m  [1m[34mSELECT  "ar_internal_metadata".* FROM "ar_internal_metadata" WHERE "ar_internal_metadata"."key" = ? LIMIT ?[0m  [["key", "environment"], ["LIMIT", 1]]
  ↳ db/schema.rb:13
  [1m[35m (0.2ms)[0m  [1m[36mbegin transaction[0m
  ↳ db/schema.rb:13
  [1m[36mActiveRecord::InternalMetadata Update (0.6ms)[0m  [1m[33mUPDATE "ar_internal_metadata" SET "value" = ?, "updated_at" = ? WHERE "ar_internal_metadata"."key" = ?[0m  [["value", "development"], ["updated_at", "2019-07-19 02:18:47.450522"], ["key", "environment"]]
  ↳ db/schema.rb:13
  [1m[35m (72.6ms)[0m  [1m[36mcommit transaction[0m
  ↳ db/schema.rb:13
  [1m[36mActiveRecord::InternalMetadata Load (0.3ms)[0m  [1m[34mSELECT  "ar_internal_metadata".* FROM "ar_internal_metadata" WHERE "ar_internal_metadata"."key" = ? LIMIT ?[0m  [["key", "environment"], ["LIMIT", 1]]
  ↳ /usr/share/rvm/rubies/ruby-head/lib/ruby/gems/2.7.0/gems/rake-12.3.2/lib/rake/task.rb:273
  [1m[35m (0.1ms)[0m  [1m[36mbegin transaction[0m
  ↳ /usr/share/rvm/rubies/ruby-head/lib/ruby/gems/2.7.0/gems/rake-12.3.2/lib/rake/task.rb:273
  [1m[36mActiveRecord::InternalMetadata Update (0.8ms)[0m  [1m[33mUPDATE "ar_internal_metadata" SET "value" = ?, "updated_at" = ? WHERE "ar_internal_metadata"."key" = ?[0m  [["value", "test"], ["updated_at", "2019-07-19 02:18:47.536425"], ["key", "environment"]]
  ↳ /usr/share/rvm/rubies/ruby-head/lib/ruby/gems/2.7.0/gems/rake-12.3.2/lib/rake/task.rb:273
  [1m[35m (330.4ms)[0m  [1m[36mcommit transaction[0m
  ↳ /usr/share/rvm/rubies/ruby-head/lib/ruby/gems/2.7.0/gems/rake-12.3.2/lib/rake/task.rb:273
  [1m[35m (0.3ms)[0m  [1m[34mSELECT "schema_migrations"."version" FROM "schema_migrations" ORDER BY "schema_migrations"."version" ASC[0m
  ↳ /usr/share/rvm/rubies/ruby-head/lib/ruby/gems/2.7.0/gems/rake-12.3.2/lib/rake/task.rb:273
  [1m[35m (0.1ms)[0m  [1m[34mSELECT "schema_migrations"."version" FROM "schema_migrations" ORDER BY "schema_migrations"."version" ASC[0m
  ↳ /usr/share/rvm/rubies/ruby-head/lib/ruby/gems/2.7.0/gems/rake-12.3.2/lib/rake/task.rb:273
Migrating to CreateTodo (20190719021920)
  [1m[35m (0.1ms)[0m  [1m[36mbegin transaction[0m
  ↳ /usr/share/rvm/rubies/ruby-head/lib/ruby/gems/2.7.0/gems/rake-12.3.2/lib/rake/task.rb:273
  [1m[35m (0.0ms)[0m  [1m[31mrollback transaction[0m
  ↳ /usr/share/rvm/rubies/ruby-head/lib/ruby/gems/2.7.0/gems/rake-12.3.2/lib/rake/task.rb:273
  [1m[35m (0.1ms)[0m  [1m[34mSELECT "schema_migrations"."version" FROM "schema_migrations" ORDER BY "schema_migrations"."version" ASC[0m
  ↳ /usr/share/rvm/rubies/ruby-head/lib/ruby/gems/2.7.0/gems/rake-12.3.2/lib/rake/task.rb:273
Migrating to CreateTodo (20190719021920)
  [1m[35m (0.1ms)[0m  [1m[36mbegin transaction[0m
  ↳ /usr/share/rvm/rubies/ruby-head/lib/ruby/gems/2.7.0/gems/rake-12.3.2/lib/rake/task.rb:273
  [1m[35m (0.2ms)[0m  [1m[34mSELECT sqlite_version(*)[0m
  ↳ db/migrate/20190719021920_create_todo.rb:3
  [1m[35m (0.2ms)[0m  [1m[35mCREATE TABLE "todos" ("id" integer PRIMARY KEY AUTOINCREMENT NOT NULL, "user_id" integer, "name" varchar, "created_at" datetime NOT NULL, "updated_at" datetime NOT NULL)[0m
  ↳ db/migrate/20190719021920_create_todo.rb:3
  [1m[36mActiveRecord::SchemaMigration Create (0.1ms)[0m  [1m[32mINSERT INTO "schema_migrations" ("version") VALUES (?)[0m  [["version", "20190719021920"]]
  ↳ /usr/share/rvm/rubies/ruby-head/lib/ruby/gems/2.7.0/gems/rake-12.3.2/lib/rake/task.rb:273
  [1m[35m (427.0ms)[0m  [1m[36mcommit transaction[0m
  ↳ /usr/share/rvm/rubies/ruby-head/lib/ruby/gems/2.7.0/gems/rake-12.3.2/lib/rake/task.rb:273
Migrating to CreateTodoItems (20190719021951)
  [1m[35m (0.2ms)[0m  [1m[36mbegin transaction[0m
  ↳ /usr/share/rvm/rubies/ruby-head/lib/ruby/gems/2.7.0/gems/rake-12.3.2/lib/rake/task.rb:273
  [1m[35m (1.0ms)[0m  [1m[35mCREATE TABLE "todo_items" ("id" integer PRIMARY KEY AUTOINCREMENT NOT NULL, "todo_id" integer, "description" varchar, "checked" boolean, "created_at" datetime NOT NULL, "updated_at" datetime NOT NULL)[0m
  ↳ db/migrate/20190719021951_create_todo_items.rb:3
  [1m[36mActiveRecord::SchemaMigration Create (0.5ms)[0m  [1m[32mINSERT INTO "schema_migrations" ("version") VALUES (?)[0m  [["version", "20190719021951"]]
  ↳ /usr/share/rvm/rubies/ruby-head/lib/ruby/gems/2.7.0/gems/rake-12.3.2/lib/rake/task.rb:273
  [1m[35m (87.4ms)[0m  [1m[36mcommit transaction[0m
  ↳ /usr/share/rvm/rubies/ruby-head/lib/ruby/gems/2.7.0/gems/rake-12.3.2/lib/rake/task.rb:273
  [1m[36mActiveRecord::InternalMetadata Load (0.1ms)[0m  [1m[34mSELECT  "ar_internal_metadata".* FROM "ar_internal_metadata" WHERE "ar_internal_metadata"."key" = ? LIMIT ?[0m  [["key", "environment"], ["LIMIT", 1]]
  ↳ /usr/share/rvm/rubies/ruby-head/lib/ruby/gems/2.7.0/gems/rake-12.3.2/lib/rake/task.rb:273
  [1m[35m (0.0ms)[0m  [1m[36mbegin transaction[0m
  ↳ /usr/share/rvm/rubies/ruby-head/lib/ruby/gems/2.7.0/gems/rake-12.3.2/lib/rake/task.rb:273
  [1m[35m (0.0ms)[0m  [1m[36mcommit transaction[0m
  ↳ /usr/share/rvm/rubies/ruby-head/lib/ruby/gems/2.7.0/gems/rake-12.3.2/lib/rake/task.rb:273
  [1m[35m (0.1ms)[0m  [1m[34mSELECT "schema_migrations"."version" FROM "schema_migrations" ORDER BY "schema_migrations"."version" ASC[0m
  ↳ /usr/share/rvm/rubies/ruby-head/lib/ruby/gems/2.7.0/gems/rake-12.3.2/lib/rake/task.rb:273
  [1m[35m (0.1ms)[0m  [1m[36mbegin transaction[0m
  [1m[35m (0.1ms)[0m  [1m[31mrollback transaction[0m
  [1m[35m (0.2ms)[0m  [1m[36mbegin transaction[0m
  [1m[36mUser Create (0.7ms)[0m  [1m[32mINSERT INTO "users" ("name", "email", "password", "created_at", "updated_at") VALUES (?, ?, ?, ?, ?)[0m  [["name", "Danilo"], ["email", "danilo.kaltner@gmail.com"], ["password", "12345"], ["created_at", "2019-07-19 03:01:20.182648"], ["updated_at", "2019-07-19 03:01:20.182648"]]
  [1m[35m (1553.6ms)[0m  [1m[36mcommit transaction[0m
  [1m[35m (0.2ms)[0m  [1m[36mbegin transaction[0m
  [1m[36mUser Create (1.1ms)[0m  [1m[32mINSERT INTO "users" ("name", "email", "password", "created_at", "updated_at") VALUES (?, ?, ?, ?, ?)[0m  [["name", "Danilo"], ["email", "danilo.kaltner@gmail.com"], ["password", "12345"], ["created_at", "2019-07-19 03:01:36.881261"], ["updated_at", "2019-07-19 03:01:36.881261"]]
  [1m[35m (152.7ms)[0m  [1m[36mcommit transaction[0m
  [1m[35m (0.2ms)[0m  [1m[36mbegin transaction[0m
  [1m[35m (0.2ms)[0m  [1m[31mrollback transaction[0m
DEPRECATION WARNING: Using a dynamic :controller segment in a route is deprecated and will be removed in Rails 6.0. (called from block in <main> at /home/danilokaltner/www/estudos/ruby/todo-list/config/routes.rb:12)
DEPRECATION WARNING: Using a dynamic :controller segment in a route is deprecated and will be removed in Rails 6.0. (called from block in <main> at /home/danilokaltner/www/estudos/ruby/todo-list/config/routes.rb:12)
DEPRECATION WARNING: Using a dynamic :controller segment in a route is deprecated and will be removed in Rails 6.0. (called from block in <main> at /home/danilokaltner/www/estudos/ruby/todo-list/config/routes.rb:12)
DEPRECATION WARNING: Using a dynamic :controller segment in a route is deprecated and will be removed in Rails 6.0. (called from block in <main> at /home/danilokaltner/www/estudos/ruby/todo-list/config/routes.rb:12)
DEPRECATION WARNING: Using a dynamic :controller segment in a route is deprecated and will be removed in Rails 6.0. (called from block in <main> at /home/danilokaltner/www/estudos/ruby/todo-list/config/routes.rb:12)
DEPRECATION WARNING: Using a dynamic :controller segment in a route is deprecated and will be removed in Rails 6.0. (called from block in <main> at /home/danilokaltner/www/estudos/ruby/todo-list/config/routes.rb:12)
DEPRECATION WARNING: Using a dynamic :controller segment in a route is deprecated and will be removed in Rails 6.0. (called from block in <main> at /home/danilokaltner/www/estudos/ruby/todo-list/config/routes.rb:12)
DEPRECATION WARNING: Using a dynamic :controller segment in a route is deprecated and will be removed in Rails 6.0. (called from block in <main> at /home/danilokaltner/www/estudos/ruby/todo-list/config/routes.rb:12)
DEPRECATION WARNING: Using a dynamic :controller segment in a route is deprecated and will be removed in Rails 6.0. (called from block in <main> at /home/danilokaltner/www/estudos/ruby/todo-list/config/routes.rb:12)
DEPRECATION WARNING: Using a dynamic :controller segment in a route is deprecated and will be removed in Rails 6.0. (called from block in <main> at /home/danilokaltner/www/estudos/ruby/todo-list/config/routes.rb:12)
DEPRECATION WARNING: Using a dynamic :controller segment in a route is deprecated and will be removed in Rails 6.0. (called from block in <main> at /home/danilokaltner/www/estudos/ruby/todo-list/config/routes.rb:12)
DEPRECATION WARNING: Using a dynamic :controller segment in a route is deprecated and will be removed in Rails 6.0. (called from block in <main> at /home/danilokaltner/www/estudos/ruby/todo-list/config/routes.rb:12)
DEPRECATION WARNING: Using a dynamic :controller segment in a route is deprecated and will be removed in Rails 6.0. (called from block in <main> at /home/danilokaltner/www/estudos/ruby/todo-list/config/routes.rb:12)
DEPRECATION WARNING: Using a dynamic :controller segment in a route is deprecated and will be removed in Rails 6.0. (called from block in <main> at /home/danilokaltner/www/estudos/ruby/todo-list/config/routes.rb:12)
DEPRECATION WARNING: Using a dynamic :controller segment in a route is deprecated and will be removed in Rails 6.0. (called from block in <main> at /home/danilokaltner/www/estudos/ruby/todo-list/config/routes.rb:12)
DEPRECATION WARNING: Using a dynamic :controller segment in a route is deprecated and will be removed in Rails 6.0. (called from block in <main> at /home/danilokaltner/www/estudos/ruby/todo-list/config/routes.rb:12)
DEPRECATION WARNING: Using a dynamic :controller segment in a route is deprecated and will be removed in Rails 6.0. (called from block in <main> at /home/danilokaltner/www/estudos/ruby/todo-list/config/routes.rb:12)
DEPRECATION WARNING: Using a dynamic :controller segment in a route is deprecated and will be removed in Rails 6.0. (called from block in <main> at /home/danilokaltner/www/estudos/ruby/todo-list/config/routes.rb:12)
DEPRECATION WARNING: Using a dynamic :controller segment in a route is deprecated and will be removed in Rails 6.0. (called from block in <main> at /home/danilokaltner/www/estudos/ruby/todo-list/config/routes.rb:12)
DEPRECATION WARNING: Using a dynamic :controller segment in a route is deprecated and will be removed in Rails 6.0. (called from block in <main> at /home/danilokaltner/www/estudos/ruby/todo-list/config/routes.rb:12)
DEPRECATION WARNING: Using a dynamic :controller segment in a route is deprecated and will be removed in Rails 6.0. (called from block in <main> at /home/danilokaltner/www/estudos/ruby/todo-list/config/routes.rb:12)
DEPRECATION WARNING: Using a dynamic :controller segment in a route is deprecated and will be removed in Rails 6.0. (called from block in <main> at /home/danilokaltner/www/estudos/ruby/todo-list/config/routes.rb:12)
DEPRECATION WARNING: Using a dynamic :controller segment in a route is deprecated and will be removed in Rails 6.0. (called from block in <main> at /home/danilokaltner/www/estudos/ruby/todo-list/config/routes.rb:12)
DEPRECATION WARNING: Using a dynamic :controller segment in a route is deprecated and will be removed in Rails 6.0. (called from block in <main> at /home/danilokaltner/www/estudos/ruby/todo-list/config/routes.rb:12)
DEPRECATION WARNING: Using a dynamic :controller segment in a route is deprecated and will be removed in Rails 6.0. (called from block in <main> at /home/danilokaltner/www/estudos/ruby/todo-list/config/routes.rb:12)
DEPRECATION WARNING: Using a dynamic :controller segment in a route is deprecated and will be removed in Rails 6.0. (called from block in <main> at /home/danilokaltner/www/estudos/ruby/todo-list/config/routes.rb:12)
DEPRECATION WARNING: Using a dynamic :controller segment in a route is deprecated and will be removed in Rails 6.0. (called from block in <main> at /home/danilokaltner/www/estudos/ruby/todo-list/config/routes.rb:12)
DEPRECATION WARNING: Using a dynamic :controller segment in a route is deprecated and will be removed in Rails 6.0. (called from block in <main> at /home/danilokaltner/www/estudos/ruby/todo-list/config/routes.rb:12)
DEPRECATION WARNING: Using a dynamic :controller segment in a route is deprecated and will be removed in Rails 6.0. (called from block in <main> at /home/danilokaltner/www/estudos/ruby/todo-list/config/routes.rb:12)
DEPRECATION WARNING: Using a dynamic :controller segment in a route is deprecated and will be removed in Rails 6.0. (called from block in <main> at /home/danilokaltner/www/estudos/ruby/todo-list/config/routes.rb:12)
DEPRECATION WARNING: Using a dynamic :controller segment in a route is deprecated and will be removed in Rails 6.0. (called from block in <main> at /home/danilokaltner/www/estudos/ruby/todo-list/config/routes.rb:12)
DEPRECATION WARNING: Using a dynamic :controller segment in a route is deprecated and will be removed in Rails 6.0. (called from block in <main> at /home/danilokaltner/www/estudos/ruby/todo-list/config/routes.rb:12)
DEPRECATION WARNING: Using a dynamic :controller segment in a route is deprecated and will be removed in Rails 6.0. (called from block in <main> at /home/danilokaltner/www/estudos/ruby/todo-list/config/routes.rb:12)
DEPRECATION WARNING: Using a dynamic :controller segment in a route is deprecated and will be removed in Rails 6.0. (called from block in <main> at /home/danilokaltner/www/estudos/ruby/todo-list/config/routes.rb:12)
DEPRECATION WARNING: Using a dynamic :controller segment in a route is deprecated and will be removed in Rails 6.0. (called from block in <main> at /home/danilokaltner/www/estudos/ruby/todo-list/config/routes.rb:12)
DEPRECATION WARNING: Using a dynamic :controller segment in a route is deprecated and will be removed in Rails 6.0. (called from block in <main> at /home/danilokaltner/www/estudos/ruby/todo-list/config/routes.rb:12)
DEPRECATION WARNING: Using a dynamic :controller segment in a route is deprecated and will be removed in Rails 6.0. (called from block in <main> at /home/danilokaltner/www/estudos/ruby/todo-list/config/routes.rb:12)
DEPRECATION WARNING: Using a dynamic :controller segment in a route is deprecated and will be removed in Rails 6.0. (called from block in <main> at /home/danilokaltner/www/estudos/ruby/todo-list/config/routes.rb:12)
DEPRECATION WARNING: Using a dynamic :controller segment in a route is deprecated and will be removed in Rails 6.0. (called from block in <main> at /home/danilokaltner/www/estudos/ruby/todo-list/config/routes.rb:12)
DEPRECATION WARNING: Using a dynamic :controller segment in a route is deprecated and will be removed in Rails 6.0. (called from block in <main> at /home/danilokaltner/www/estudos/ruby/todo-list/config/routes.rb:12)
DEPRECATION WARNING: Using a dynamic :controller segment in a route is deprecated and will be removed in Rails 6.0. (called from block in <main> at /home/danilokaltner/www/estudos/ruby/todo-list/config/routes.rb:12)
DEPRECATION WARNING: Using a dynamic :controller segment in a route is deprecated and will be removed in Rails 6.0. (called from block in <main> at /home/danilokaltner/www/estudos/ruby/todo-list/config/routes.rb:12)
DEPRECATION WARNING: Using a dynamic :controller segment in a route is deprecated and will be removed in Rails 6.0. (called from block in <main> at /home/danilokaltner/www/estudos/ruby/todo-list/config/routes.rb:12)
DEPRECATION WARNING: Using a dynamic :controller segment in a route is deprecated and will be removed in Rails 6.0. (called from block in <main> at /home/danilokaltner/www/estudos/ruby/todo-list/config/routes.rb:12)
DEPRECATION WARNING: Using a dynamic :controller segment in a route is deprecated and will be removed in Rails 6.0. (called from block in <main> at /home/danilokaltner/www/estudos/ruby/todo-list/config/routes.rb:12)
DEPRECATION WARNING: Using a dynamic :controller segment in a route is deprecated and will be removed in Rails 6.0. (called from block in <main> at /home/danilokaltner/www/estudos/ruby/todo-list/config/routes.rb:12)
DEPRECATION WARNING: Using a dynamic :controller segment in a route is deprecated and will be removed in Rails 6.0. (called from block in <main> at /home/danilokaltner/www/estudos/ruby/todo-list/config/routes.rb:12)
DEPRECATION WARNING: Using a dynamic :controller segment in a route is deprecated and will be removed in Rails 6.0. (called from block in <main> at /home/danilokaltner/www/estudos/ruby/todo-list/config/routes.rb:12)
  [1m[35m (0.0ms)[0m  [1m[36mbegin transaction[0m
  [1m[36mUser Create (0.3ms)[0m  [1m[32mINSERT INTO "users" ("name", "email", "password", "created_at", "updated_at") VALUES (?, ?, ?, ?, ?)[0m  [["name", "dan"], ["email", "danilo.kaltner@gmail.com"], ["password", "1234"], ["created_at", "2019-07-19 12:48:04.823958"], ["updated_at", "2019-07-19 12:48:04.823958"]]
  [1m[35m (173.9ms)[0m  [1m[36mcommit transaction[0m
  [1m[36mUser Load (0.6ms)[0m  [1m[34mSELECT  "users".* FROM "users" WHERE "users"."id" = ? LIMIT ?[0m  [["id", 3], ["LIMIT", 1]]
